<?xml version="1.0" encoding="UTF-8"?>
<!-- Generated by org.testng.reporters.JUnitXMLReporter -->
<testsuite ignored="7" hostname="LAPTOP-BVLK2EFE" failures="0" tests="1" name="Default test" time="0.062" errors="0" timestamp="2021-08-12T00:04:34 IST">
  <testcase classname="com.practiseProgramms.AnagramProgramm" name="leftshiftnums" time="0.012"/>
  <testcase classname="com.practiseProgramms.AnagramProgramm" name="oauth1" time="0.0">
    <ignored/>
  </testcase> <!-- oauth1 -->
  <testcase classname="com.practiseProgramms.AnagramProgramm" name="testSumOfDigitsOfNum" time="0.0">
    <ignored/>
  </testcase> <!-- testSumOfDigitsOfNum -->
  <testcase classname="com.practiseProgramms.AnagramProgramm" name="testSwapWithoutThirdVar" time="0.0">
    <ignored/>
  </testcase> <!-- testSwapWithoutThirdVar -->
  <testcase classname="com.practiseProgramms.AnagramProgramm" name="oauth2" time="0.0">
    <ignored/>
  </testcase> <!-- oauth2 -->
  <testcase classname="com.practiseProgramms.AnagramProgramm" name="testPalindrome" time="0.0">
    <ignored/>
  </testcase> <!-- testPalindrome -->
  <testcase classname="com.practiseProgramms.AnagramProgramm" name="testCountOfDigitsOfNum" time="0.0">
    <ignored/>
  </testcase> <!-- testCountOfDigitsOfNum -->
  <testcase classname="com.practiseProgramms.AnagramProgramm" name="reverseString" time="0.0">
    <ignored/>
  </testcase> <!-- reverseString -->
</testsuite> <!-- Default test -->
